<?xml version="1.0" encoding="UTF-8"?>
<beans xmlns="http://www.springframework.org/schema/beans" xmlns:xml="http://www.w3.org/XML/1998/namespace" xmlns:xsi="http://www.w3.org/2001/XMLSchema-instance" xsi:schemaLocation="http://www.springframework.org/schema/beans http://www.springframework.org/schema/beans/spring-beans-2.0.xsd">

	<bean id="myService2" class="org.org.springframework.security.MyAnnotatedServiceImpl" />

	<bean id="myServiceProxy2" class="org.springframework.aop.framework.ProxyFactoryBean">
		<property name="proxyInterfaces">
			<value>org.org.springframework.security.IMyNotAnnotatedServiceInterface</value>
		</property>

		<property name="target">
			<ref local="myService2" />
		</property>
		<property name="interceptorNames">
			<list>
				<value>methodSecurityInterceptor</value>
			</list>
		</property>
	</bean>
	<bean id="myService" class="org.org.springframework.security.MyNotAnnotatedServiceImpl" />

	<bean id="myServiceProxy" class="org.springframework.aop.framework.ProxyFactoryBean">
		<property name="proxyInterfaces">
			<value>org.org.springframework.security.IMyAnnotatedServiceInterface</value>
		</property>

		<property name="target">
			<ref local="myService" />
		</property>
		<property name="interceptorNames">
			<list>
				<value>methodSecurityInterceptor</value>
			</list>
		</property>
	</bean>


	<bean id="authenticationManager" class="org.springframework.security.providers.ProviderManager">
		<property name="providers">
			<list>
				<ref local="daoAuthenticationProvider" />
			</list>
		</property>
	</bean>

	<bean id="daoAuthenticationProvider" class="org.springframework.security.providers.dao.DaoAuthenticationProvider">
		<property name="userDetailsService" ref="userDetailsService" />
	</bean>

	<!-- UserDetailsService is the most commonly frequently Acegi Security interface implemented by end users -->
	<bean id="userDetailsService" class="org.springframework.security.userdetails.memory.InMemoryDaoImpl">
		<property name="userProperties">
			<bean class="org.springframework.beans.factory.config.PropertiesFactoryBean">
				<property name="location" value="users.properties" />

			</bean>
		</property>
	</bean>
	<bean id="accessDecisionManager" class="org.springframework.security.vote.UnanimousBased">
		<property name="allowIfAllAbstainDecisions" value="false" />
		<property name="decisionVoters">
			<list>
				<bean class="org.springframework.security.vote.RoleVoter">
					<property name="rolePrefix" value=""></property>
				</bean>
			</list>
		</property>
	</bean>
	<bean id="methodSecurityInterceptor" class="org.springframework.security.intercept.method.aopalliance.MethodSecurityInterceptor">
		<property name="validateConfigAttributes" value="false" />
		<property name="authenticationManager" ref="authenticationManager" />
		<property name="accessDecisionManager" ref="accessDecisionManager" />
		<property name="objectDefinitionSource" ref="objectDefinitionSource" />
	</bean>
	<bean id="attributes" class="org.org.springframework.security.addons.CustomSecurityAnnotationAttributes">
		<constructor-arg>
			<map>
				<entry key="org.org.springframework.security.AdminRoleNeeded" value="ROLE_SUPERVISOR,ROLE_USER" />
			</map>
		</constructor-arg>
	</bean>
	<bean id="objectDefinitionSource" class="org.springframework.security.intercept.method.MethodDefinitionAttributes">
		<property name="attributes">
			<ref local="attributes" />
		</property>
	</bean>

</beans>