<?xml version="1.0" encoding="UTF-8" ?>
<testsuite failures="0" time="1.327" errors="0" skipped="0" tests="14" name="org.org.usurper.UsurperSpringTest">
  <properties>
    <property name="java.runtime.name" value="Java(TM) SE Runtime Environment"/>
    <property name="sun.boot.library.path" value="/System/Library/Java/JavaVirtualMachines/1.6.0.jdk/Contents/Libraries"/>
    <property name="java.vm.version" value="20.1-b02-383"/>
    <property name="awt.nativeDoubleBuffering" value="true"/>
    <property name="gopherProxySet" value="false"/>
    <property name="mrj.build" value="11A511"/>
    <property name="java.vm.vendor" value="Apple Inc."/>
    <property name="java.vendor.url" value="http://www.apple.com/"/>
    <property name="path.separator" value=":"/>
    <property name="java.vm.name" value="Java HotSpot(TM) 64-Bit Server VM"/>
    <property name="file.encoding.pkg" value="sun.io"/>
    <property name="user.country" value="FR"/>
    <property name="sun.java.launcher" value="SUN_STANDARD"/>
    <property name="sun.os.patch.level" value="unknown"/>
    <property name="java.vm.specification.name" value="Java Virtual Machine Specification"/>
    <property name="user.dir" value="/Users/zepag/Developer/projects/eclipse/org-libs/trunk/org-lib-usurper"/>
    <property name="java.runtime.version" value="1.6.0_26-b03-383-11A511"/>
    <property name="java.awt.graphicsenv" value="apple.awt.CGraphicsEnvironment"/>
    <property name="basedir" value="/Users/zepag/Developer/projects/eclipse/org-libs/trunk/org-lib-usurper"/>
    <property name="java.endorsed.dirs" value="/System/Library/Java/JavaVirtualMachines/1.6.0.jdk/Contents/Home/lib/endorsed"/>
    <property name="os.arch" value="x86_64"/>
    <property name="surefire.real.class.path" value="/Users/zepag/Developer/projects/eclipse/org-libs/trunk/org-lib-usurper/target/surefire/surefirebooter9097816459026090837.jar"/>
    <property name="java.io.tmpdir" value="/var/folders/21/rvmq0k8x75b__62h8xvxqjl80000gn/T/"/>
    <property name="line.separator" value="
"/>
    <property name="java.vm.specification.vendor" value="Sun Microsystems Inc."/>
    <property name="os.name" value="Mac OS X"/>
    <property name="sun.jnu.encoding" value="MacRoman"/>
    <property name="java.library.path" value=".:/Library/Java/Extensions:/System/Library/Java/Extensions:/usr/lib/java"/>
    <property name="surefire.test.class.path" value="/Users/zepag/Developer/projects/eclipse/org-libs/trunk/org-lib-usurper/target/test-classes:/Users/zepag/Developer/projects/eclipse/org-libs/trunk/org-lib-usurper/target/classes:/Users/zepag/.m2/repository/commons-logging/commons-logging/1.0.4/commons-logging-1.0.4.jar:/Users/zepag/.m2/repository/org/springframework/spring/2.5.6.SEC03/spring-2.5.6.SEC03.jar:/Users/zepag/.m2/repository/junit/junit/3.8.2/junit-3.8.2.jar:/Users/zepag/.m2/repository/commons-lang/commons-lang/2.1/commons-lang-2.1.jar:"/>
    <property name="java.specification.name" value="Java Platform API Specification"/>
    <property name="java.class.version" value="50.0"/>
    <property name="sun.management.compiler" value="HotSpot 64-Bit Tiered Compilers"/>
    <property name="os.version" value="10.7.1"/>
    <property name="http.nonProxyHosts" value="local|*.local|169.254/16|*.169.254/16"/>
    <property name="user.home" value="/Users/zepag"/>
    <property name="user.timezone" value="Europe/Paris"/>
    <property name="java.awt.printerjob" value="apple.awt.CPrinterJob"/>
    <property name="java.specification.version" value="1.6"/>
    <property name="file.encoding" value="MacRoman"/>
    <property name="user.name" value="zepag"/>
    <property name="java.class.path" value="/Users/zepag/Developer/projects/eclipse/org-libs/trunk/org-lib-usurper/target/test-classes:/Users/zepag/Developer/projects/eclipse/org-libs/trunk/org-lib-usurper/target/classes:/Users/zepag/.m2/repository/commons-logging/commons-logging/1.0.4/commons-logging-1.0.4.jar:/Users/zepag/.m2/repository/org/springframework/spring/2.5.6.SEC03/spring-2.5.6.SEC03.jar:/Users/zepag/.m2/repository/junit/junit/3.8.2/junit-3.8.2.jar:/Users/zepag/.m2/repository/commons-lang/commons-lang/2.1/commons-lang-2.1.jar:"/>
    <property name="java.vm.specification.version" value="1.0"/>
    <property name="sun.arch.data.model" value="64"/>
    <property name="java.home" value="/System/Library/Java/JavaVirtualMachines/1.6.0.jdk/Contents/Home"/>
    <property name="sun.java.command" value="/Users/zepag/Developer/projects/eclipse/org-libs/trunk/org-lib-usurper/target/surefire/surefirebooter9097816459026090837.jar /Users/zepag/Developer/projects/eclipse/org-libs/trunk/org-lib-usurper/target/surefire/surefire4649951012955231134tmp /Users/zepag/Developer/projects/eclipse/org-libs/trunk/org-lib-usurper/target/surefire/surefire6592205333963336646tmp"/>
    <property name="java.specification.vendor" value="Sun Microsystems Inc."/>
    <property name="user.language" value="fr"/>
    <property name="awt.toolkit" value="apple.awt.CToolkit"/>
    <property name="java.vm.info" value="mixed mode"/>
    <property name="java.version" value="1.6.0_26"/>
    <property name="java.ext.dirs" value="/Library/Java/Extensions:/System/Library/Java/Extensions:/System/Library/Java/JavaVirtualMachines/1.6.0.jdk/Contents/Home/lib/ext"/>
    <property name="sun.boot.class.path" value="/System/Library/Java/JavaVirtualMachines/1.6.0.jdk/Contents/Classes/jsfd.jar:/System/Library/Java/JavaVirtualMachines/1.6.0.jdk/Contents/Classes/classes.jar:/System/Library/Frameworks/JavaVM.framework/Frameworks/JavaRuntimeSupport.framework/Resources/Java/JavaRuntimeSupport.jar:/System/Library/Java/JavaVirtualMachines/1.6.0.jdk/Contents/Classes/ui.jar:/System/Library/Java/JavaVirtualMachines/1.6.0.jdk/Contents/Classes/laf.jar:/System/Library/Java/JavaVirtualMachines/1.6.0.jdk/Contents/Classes/sunrsasign.jar:/System/Library/Java/JavaVirtualMachines/1.6.0.jdk/Contents/Classes/jsse.jar:/System/Library/Java/JavaVirtualMachines/1.6.0.jdk/Contents/Classes/jce.jar:/System/Library/Java/JavaVirtualMachines/1.6.0.jdk/Contents/Classes/charsets.jar"/>
    <property name="java.vendor" value="Apple Inc."/>
    <property name="localRepository" value="/Users/zepag/.m2/repository"/>
    <property name="file.separator" value="/"/>
    <property name="java.vendor.url.bug" value="http://bugreport.apple.com/"/>
    <property name="sun.cpu.endian" value="little"/>
    <property name="sun.io.unicode.encoding" value="UnicodeLittle"/>
    <property name="mrj.version" value="1070.1.6.0_26-383"/>
    <property name="socksNonProxyHosts" value="local|*.local|169.254/16|*.169.254/16"/>
    <property name="ftp.nonProxyHosts" value="local|*.local|169.254/16|*.169.254/16"/>
    <property name="sun.cpu.isalist" value=""/>
  </properties>
  <testcase time="0.002" classname="org.org.usurper.UsurperSpringTest" name="testGenerateObject"/>
  <testcase time="0.013" classname="org.org.usurper.UsurperSpringTest" name="testGenerateList"/>
  <testcase time="0.006" classname="org.org.usurper.UsurperSpringTest" name="testGenerateSet"/>
  <testcase time="0.025" classname="org.org.usurper.UsurperSpringTest" name="testGenerateMap"/>
  <testcase time="0.43" classname="org.org.usurper.UsurperSpringTest" name="testGenerateObjectWithNamespaceHandler"/>
  <testcase time="0.093" classname="org.org.usurper.UsurperSpringTest" name="testGenerateListWithNamespaceHandler"/>
  <testcase time="0.11" classname="org.org.usurper.UsurperSpringTest" name="testGenerateSetWithNamespaceHandler"/>
  <testcase time="0.07" classname="org.org.usurper.UsurperSpringTest" name="testGenerateMapWithNamespaceHandler"/>
  <testcase time="0.241" classname="org.org.usurper.UsurperSpringTest" name="testMethodInterceptor"/>
  <testcase time="0.109" classname="org.org.usurper.UsurperSpringTest" name="testMethodInterceptorWithNamespaceHandler"/>
  <testcase time="0.074" classname="org.org.usurper.UsurperSpringTest" name="testMethodInterceptorWithNamespaceHandlerAndImmutables"/>
  <testcase time="0.002" classname="org.org.usurper.UsurperSpringTest" name="testGenerateSetup"/>
  <testcase time="0.073" classname="org.org.usurper.UsurperSpringTest" name="testGenerateSetupWithXMLConfig"/>
  <testcase time="0.07" classname="org.org.usurper.UsurperSpringTest" name="testGenerateSetupWithNamespaceHandler"/>
</testsuite>